<?xml version="1.0" encoding="UTF-8"?>
<testng-results skipped="0" failed="0" ignored="0" total="1" passed="1">
  <reporter-output>
  </reporter-output>
  <suite name="Default suite" duration-ms="34152" started-at="2019-02-20T16:20:52Z" finished-at="2019-02-20T16:21:26Z">
    <groups>
    </groups>
    <test name="Default test" duration-ms="34152" started-at="2019-02-20T16:20:52Z" finished-at="2019-02-20T16:21:26Z">
      <class name="HotelBookingTest">
        <test-method status="PASS" signature="setup()[pri:0, instance:HotelBookingTest@be83e4]" name="setup" is-config="true" duration-ms="7996" started-at="2019-02-20T21:50:52Z" finished-at="2019-02-20T21:51:00Z">
          <reporter-output>
          </reporter-output>
        </test-method> <!-- setup -->
        <test-method status="PASS" signature="shouldBeAbleToSearchForHotels()[pri:0, instance:HotelBookingTest@be83e4]" name="shouldBeAbleToSearchForHotels" duration-ms="25343" started-at="2019-02-20T21:51:00Z" finished-at="2019-02-20T21:51:25Z">
          <reporter-output>
          </reporter-output>
        </test-method> <!-- shouldBeAbleToSearchForHotels -->
        <test-method status="PASS" signature="tearDown()[pri:0, instance:HotelBookingTest@be83e4]" name="tearDown" is-config="true" duration-ms="779" started-at="2019-02-20T21:51:25Z" finished-at="2019-02-20T21:51:26Z">
          <reporter-output>
          </reporter-output>
        </test-method> <!-- tearDown -->
      </class> <!-- HotelBookingTest -->
    </test> <!-- Default test -->
  </suite> <!-- Default suite -->
</testng-results>
